# JRE version: OpenJDK Runtime Environment Temurin-17.0.6+10 (17.0.6+10) (build 17.0.6+10)
# Java VM: OpenJDK 64-Bit Server VM Temurin-17.0.6+10 (17.0.6+10, mixed mode, tiered, compressed oops, compressed class ptrs, g1 gc, windows-amd64)
GC Precious Log:
 CPUs: 2 total, 2 available
 Memory: 3950M
 Large Page Support: Disabled
 NUMA Support: Disabled
 Compressed Oops: Enabled (32-bit)
 Heap Region Size: 1M
 Heap Min Capacity: 8M
 Heap Initial Capacity: 62M
 Heap Max Capacity: 988M
 Pre-touch: Disabled
 Parallel Workers: 2
 Concurrent Workers: 1
 Concurrent Refinement Workers: 2
 Periodic GC: Disabled
Heap:
 garbage-first heap   total 68608K, used 57215K [0x00000000c2400000, 0x0000000100000000)
  region size 1024K, 39 young (39936K), 1 survivors (1024K)
 Metaspace       used 47374K, committed 48000K, reserved 1097728K
  class space    used 5517K, committed 5760K, reserved 1048576K
GC Heap History (20 events):
Event: 1081.057 GC heap before
{Heap before GC invocations=1238 (full 0):
 garbage-first heap   total 68608K, used 58237K [0x00000000c2400000, 0x0000000100000000)
  region size 1024K, 40 young (40960K), 1 survivors (1024K)
 Metaspace       used 47368K, committed 48000K, reserved 1097728K
  class space    used 5514K, committed 5760K, reserved 1048576K
}
Event: 1081.058 GC heap after
{Heap after GC invocations=1239 (full 0):
 garbage-first heap   total 68608K, used 19278K [0x00000000c2400000, 0x0000000100000000)
  region size 1024K, 1 young (1024K), 1 survivors (1024K)
 Metaspace       used 47368K, committed 48000K, reserved 1097728K
  class space    used 5514K, committed 5760K, reserved 1048576K
}
Event: 1082.423 GC heap before
{Heap before GC invocations=1239 (full 0):
 garbage-first heap   total 68608K, used 59214K [0x00000000c2400000, 0x0000000100000000)
  region size 1024K, 40 young (40960K), 1 survivors (1024K)
 Metaspace       used 47368K, committed 48000K, reserved 1097728K
  class space    used 5514K, committed 5760K, reserved 1048576K
}
Event: 1082.424 GC heap after
{Heap after GC invocations=1240 (full 0):
 garbage-first heap   total 68608K, used 19296K [0x00000000c2400000, 0x0000000100000000)
  region size 1024K, 1 young (1024K), 1 survivors (1024K)
 Metaspace       used 47368K, committed 48000K, reserved 1097728K
  class space    used 5514K, committed 5760K, reserved 1048576K
}
Event: 1083.323 GC heap before
{Heap before GC invocations=1240 (full 0):
 garbage-first heap   total 68608K, used 58208K [0x00000000c2400000, 0x0000000100000000)
  region size 1024K, 40 young (40960K), 1 survivors (1024K)
 Metaspace       used 47368K, committed 48000K, reserved 1097728K
  class space    used 5514K, committed 5760K, reserved 1048576K
}
Event: 1083.324 GC heap after
{Heap after GC invocations=1241 (full 0):
 garbage-first heap   total 68608K, used 19329K [0x00000000c2400000, 0x0000000100000000)
  region size 1024K, 1 young (1024K), 1 survivors (1024K)
 Metaspace       used 47368K, committed 48000K, reserved 1097728K
  class space    used 5514K, committed 5760K, reserved 1048576K
}
Event: 1084.229 GC heap before
{Heap before GC invocations=1241 (full 0):
 garbage-first heap   total 68608K, used 59265K [0x00000000c2400000, 0x0000000100000000)
  region size 1024K, 40 young (40960K), 1 survivors (1024K)
 Metaspace       used 47368K, committed 48000K, reserved 1097728K
  class space    used 5514K, committed 5760K, reserved 1048576K
}
Event: 1084.230 GC heap after
{Heap after GC invocations=1242 (full 0):
 garbage-first heap   total 68608K, used 19283K [0x00000000c2400000, 0x0000000100000000)
  region size 1024K, 1 young (1024K), 1 survivors (1024K)
 Metaspace       used 47368K, committed 48000K, reserved 1097728K
  class space    used 5514K, committed 5760K, reserved 1048576K
}
Event: 1085.147 GC heap before
{Heap before GC invocations=1242 (full 0):
 garbage-first heap   total 68608K, used 59219K [0x00000000c2400000, 0x0000000100000000)
  region size 1024K, 40 young (40960K), 1 survivors (1024K)
 Metaspace       used 47368K, committed 48000K, reserved 1097728K
  class space    used 5514K, committed 5760K, reserved 1048576K
}
Event: 1085.148 GC heap after
{Heap after GC invocations=1243 (full 0):
 garbage-first heap   total 68608K, used 19318K [0x00000000c2400000, 0x0000000100000000)
  region size 1024K, 1 young (1024K), 1 survivors (1024K)
 Metaspace       used 47368K, committed 48000K, reserved 1097728K
  class space    used 5514K, committed 5760K, reserved 1048576K
}
Event: 1086.048 GC heap before
{Heap before GC invocations=1243 (full 0):
 garbage-first heap   total 68608K, used 59254K [0x00000000c2400000, 0x0000000100000000)
  region size 1024K, 40 young (40960K), 1 survivors (1024K)
 Metaspace       used 47368K, committed 48000K, reserved 1097728K
  class space    used 5514K, committed 5760K, reserved 1048576K
}
Event: 1086.049 GC heap after
{Heap after GC invocations=1244 (full 0):
 garbage-first heap   total 68608K, used 19313K [0x00000000c2400000, 0x0000000100000000)
  region size 1024K, 1 young (1024K), 1 survivors (1024K)
 Metaspace       used 47368K, committed 48000K, reserved 1097728K
  class space    used 5514K, committed 5760K, reserved 1048576K
}
Event: 1087.049 GC heap before
{Heap before GC invocations=1244 (full 0):
 garbage-first heap   total 68608K, used 58225K [0x00000000c2400000, 0x0000000100000000)
  region size 1024K, 40 young (40960K), 1 survivors (1024K)
 Metaspace       used 47368K, committed 48000K, reserved 1097728K
  class space    used 5514K, committed 5760K, reserved 1048576K
}
Event: 1087.051 GC heap after
{Heap after GC invocations=1245 (full 0):
 garbage-first heap   total 68608K, used 19267K [0x00000000c2400000, 0x0000000100000000)
  region size 1024K, 1 young (1024K), 1 survivors (1024K)
 Metaspace       used 47368K, committed 48000K, reserved 1097728K
  class space    used 5514K, committed 5760K, reserved 1048576K
}
Event: 1087.933 GC heap before
{Heap before GC invocations=1245 (full 0):
 garbage-first heap   total 68608K, used 59203K [0x00000000c2400000, 0x0000000100000000)
  region size 1024K, 40 young (40960K), 1 survivors (1024K)
 Metaspace       used 47368K, committed 48000K, reserved 1097728K
  class space    used 5514K, committed 5760K, reserved 1048576K
}
Event: 1087.934 GC heap after
{Heap after GC invocations=1246 (full 0):
 garbage-first heap   total 68608K, used 19307K [0x00000000c2400000, 0x0000000100000000)
  region size 1024K, 1 young (1024K), 1 survivors (1024K)
 Metaspace       used 47368K, committed 48000K, reserved 1097728K
  class space    used 5514K, committed 5760K, reserved 1048576K
}
Event: 1088.842 GC heap before
{Heap before GC invocations=1246 (full 0):
 garbage-first heap   total 68608K, used 59243K [0x00000000c2400000, 0x0000000100000000)
  region size 1024K, 40 young (40960K), 1 survivors (1024K)
 Metaspace       used 47370K, committed 48000K, reserved 1097728K
  class space    used 5514K, committed 5760K, reserved 1048576K
}
Event: 1088.843 GC heap after
{Heap after GC invocations=1247 (full 0):
 garbage-first heap   total 68608K, used 19338K [0x00000000c2400000, 0x0000000100000000)
  region size 1024K, 1 young (1024K), 1 survivors (1024K)
 Metaspace       used 47370K, committed 48000K, reserved 1097728K
  class space    used 5514K, committed 5760K, reserved 1048576K
}
Event: 1089.797 GC heap before
{Heap before GC invocations=1247 (full 0):
 garbage-first heap   total 68608K, used 59274K [0x00000000c2400000, 0x0000000100000000)
  region size 1024K, 40 young (40960K), 1 survivors (1024K)
 Metaspace       used 47370K, committed 48000K, reserved 1097728K
  class space    used 5514K, committed 5760K, reserved 1048576K
}
Event: 1089.798 GC heap after
{Heap after GC invocations=1248 (full 0):
 garbage-first heap   total 68608K, used 19327K [0x00000000c2400000, 0x0000000100000000)
  region size 1024K, 1 young (1024K), 1 survivors (1024K)
 Metaspace       used 47370K, committed 48000K, reserved 1097728K
  class space    used 5514K, committed 5760K, reserved 1048576K
}

